<?xml version="1.0" encoding="UTF-8"?>
<!-- Generated by org.testng.reporters.JUnitReportReporter -->
<testsuite hostname="CHQS-0F3s2OcYQG" failures="0" tests="1" name="Assignment.WordPress.LoginPage" time="4.982" errors="0" timestamp="24 Aug 2021 16:13:49 GMT">
  <testcase classname="Assignment.WordPress.LoginPage" name="basePageNavigation" time="4.982"/>
</testsuite> <!-- Assignment.WordPress.LoginPage -->
