<?xml version="1.0" encoding="UTF-8"?>
<!-- Generated by org.testng.reporters.JUnitReportReporter -->
<testsuite hostname="CHQS-0F3s2OcYQG" failures="0" tests="2" name="Assignment.WordPress.Logintests" time="35907.664" errors="0" timestamp="26 Aug 2021 04:27:39 GMT">
  <testcase classname="Assignment.WordPress.Logintests" name="loginSuccess" time="3.410"/>
  <testcase classname="Assignment.WordPress.Logintests" name="loginFailure" time="35904.258"/>
</testsuite> <!-- Assignment.WordPress.Logintests -->
