<?xml version="1.0" encoding="UTF-8"?>
<!-- Generated by org.testng.reporters.JUnitReportReporter -->
<testsuite hostname="CHQS-0F3s2OcYQG" failures="0" tests="1" name="Assignment.WordPress.Myprofiletests" time="15.245" errors="0" timestamp="26 Aug 2021 17:35:02 GMT">
  <testcase classname="Assignment.WordPress.Myprofiletests" name="verifyToggleonmyProfilepageload" time="15.245"/>
</testsuite> <!-- Assignment.WordPress.Myprofiletests -->
