<?xml version="1.0" encoding="UTF-8"?>
<!-- Generated by org.testng.reporters.JUnitReportReporter -->
<testsuite hostname="CHQS-0F3s2OcYQG" failures="0" tests="9" name="Assignment.WordPress.Myprofiletests" time="61.156" errors="0" timestamp="26 Aug 2021 17:48:49 GMT">
  <testcase classname="Assignment.WordPress.Myprofiletests" name="verifyenabledSaveprofiledetailbutton" time="7.749"/>
  <testcase classname="Assignment.WordPress.Myprofiletests" name="verifydiabledSaveprofiledetailbutton" time="3.161"/>
  <testcase classname="Assignment.WordPress.Myprofiletests" name="deleteSite" time="7.304"/>
  <testcase classname="Assignment.WordPress.Myprofiletests" name="verifyToggleonmyProfilepageload" time="6.848"/>
  <testcase classname="Assignment.WordPress.Myprofiletests" name="verifymyProfilepageload" time="7.426"/>
  <testcase classname="Assignment.WordPress.Myprofiletests" name="addUrl" time="7.915"/>
  <testcase classname="Assignment.WordPress.Myprofiletests" name="deleteUrl" time="6.657"/>
  <testcase classname="Assignment.WordPress.Myprofiletests" name="addSite" time="7.354"/>
  <testcase classname="Assignment.WordPress.Myprofiletests" name="updateDisplaynameandaboutme" time="6.742"/>
</testsuite> <!-- Assignment.WordPress.Myprofiletests -->
