<?xml version="1.0" encoding="UTF-8"?>
<!-- Generated by org.testng.reporters.JUnitReportReporter -->
<testsuite hostname="CHQS-0F3s2OcYQG" failures="0" tests="1" name="Assignment.WordPress.AppTest" time="0.005" errors="0" timestamp="24 Aug 2021 20:56:59 GMT">
  <testcase classname="Assignment.WordPress.AppTest" name="shouldAnswerWithTrue" time="0.005"/>
</testsuite> <!-- Assignment.WordPress.AppTest -->
