<?xml version="1.0" encoding="UTF-8"?>
<!-- Generated by org.testng.reporters.JUnitReportReporter -->
<testsuite hostname="CHQS-0F3s2OcYQG" failures="0" tests="2" name="Assignment.WordPress.Logintests" time="11.187" errors="0" timestamp="26 Aug 2021 17:48:49 GMT">
  <testcase classname="Assignment.WordPress.Logintests" name="loginSuccess" time="7.087"/>
  <testcase classname="Assignment.WordPress.Logintests" name="loginFailure" time="4.100"/>
</testsuite> <!-- Assignment.WordPress.Logintests -->
